2023-06-30 12:15:19.281 +02:00 [Information] Application starting...
2023-06-30 12:15:53.781 +02:00 [Error] GetPokemonFeaturesByName - Error "One or more errors occurred. (An invalid request URI was provided. The request URI must either be an absolute URI or BaseAddress must be set.)" - StackTrace "   at System.Threading.Tasks.Task.ThrowIfExceptional(Boolean includeTaskCanceledExceptions)
   at System.Threading.Tasks.Task`1.GetResultCore(Boolean waitCompletionNotification)
   at System.Threading.Tasks.Task`1.get_Result()
   at Pokemon.Data.Repositories.PokemonRepository.GetPokemonByName(String pokeAPIRequest) in C:\Users\Skywalker\source\repos\Pokemon\Pokemon.Data\Repositories\PokemonRepository.cs:line 40
   at Pokemon.Data.Repositories.PokemonRepository.GetPokemonFeaturesByName(String pokemonName) in C:\Users\Skywalker\source\repos\Pokemon\Pokemon.Data\Repositories\PokemonRepository.cs:line 57"
2023-06-30 12:16:52.058 +02:00 [Information] Application starting...
2023-06-30 12:17:02.457 +02:00 [Error] GetPokemonFeaturesByName - Error "One or more errors occurred. (An invalid request URI was provided. The request URI must either be an absolute URI or BaseAddress must be set.)" - StackTrace "   at System.Threading.Tasks.Task.ThrowIfExceptional(Boolean includeTaskCanceledExceptions)
   at System.Threading.Tasks.Task`1.GetResultCore(Boolean waitCompletionNotification)
   at System.Threading.Tasks.Task`1.get_Result()
   at Pokemon.Data.Repositories.PokemonRepository.GetPokemonByName(String pokeAPIRequest) in C:\Users\Skywalker\source\repos\Pokemon\Pokemon.Data\Repositories\PokemonRepository.cs:line 40
   at Pokemon.Data.Repositories.PokemonRepository.GetPokemonFeaturesByName(String pokemonName) in C:\Users\Skywalker\source\repos\Pokemon\Pokemon.Data\Repositories\PokemonRepository.cs:line 57"
2023-06-30 12:18:21.228 +02:00 [Information] Application starting...
2023-06-30 12:18:29.358 +02:00 [Error] GetPokemonFeaturesByName - Error "One or more errors occurred. (Host desconocido.)" - StackTrace "   at System.Threading.Tasks.Task.ThrowIfExceptional(Boolean includeTaskCanceledExceptions)
   at System.Threading.Tasks.Task`1.GetResultCore(Boolean waitCompletionNotification)
   at System.Threading.Tasks.Task`1.get_Result()
   at Pokemon.Data.Repositories.PokemonRepository.GetPokemonByName(String pokeAPIRequest) in C:\Users\Skywalker\source\repos\Pokemon\Pokemon.Data\Repositories\PokemonRepository.cs:line 40
   at Pokemon.Data.Repositories.PokemonRepository.GetPokemonFeaturesByName(String pokemonName) in C:\Users\Skywalker\source\repos\Pokemon\Pokemon.Data\Repositories\PokemonRepository.cs:line 57"
2023-06-30 12:20:09.564 +02:00 [Information] Application starting...
2023-06-30 12:20:22.073 +02:00 [Error] GetPokemonFeaturesByName - Error "One or more errors occurred. (Host desconocido.)" - StackTrace "   at System.Threading.Tasks.Task.ThrowIfExceptional(Boolean includeTaskCanceledExceptions)
   at System.Threading.Tasks.Task`1.GetResultCore(Boolean waitCompletionNotification)
   at System.Threading.Tasks.Task`1.get_Result()
   at Pokemon.Data.Repositories.PokemonRepository.GetPokemonByName(String pokeAPIRequest) in C:\Users\Skywalker\source\repos\Pokemon\Pokemon.Data\Repositories\PokemonRepository.cs:line 40
   at Pokemon.Data.Repositories.PokemonRepository.GetPokemonFeaturesByName(String pokemonName) in C:\Users\Skywalker\source\repos\Pokemon\Pokemon.Data\Repositories\PokemonRepository.cs:line 57"
2023-06-30 12:20:42.871 +02:00 [Information] Application starting...
2023-06-30 12:20:50.976 +02:00 [Information] No results found with name: kjhkh
2023-06-30 12:22:40.134 +02:00 [Information] Application starting...
2023-06-30 12:22:50.825 +02:00 [Information] No results found with name: jcfhgk
2023-06-30 12:22:56.142 +02:00 [Information] Application starting...
2023-06-30 12:23:12.947 +02:00 [Information] Application starting...
2023-06-30 12:23:17.056 +02:00 [Information] Pokémon's name is mandatory
2023-06-30 12:23:21.195 +02:00 [Information] Application starting...
2023-06-30 12:23:23.060 +02:00 [Information] Pokémon's name is mandatory
2023-06-30 12:23:34.968 +02:00 [Information] Application starting...
2023-06-30 12:23:39.270 +02:00 [Error] GetPokemonFeaturesByName - Error "One or more errors occurred. (Host desconocido.)" - StackTrace "   at System.Threading.Tasks.Task.ThrowIfExceptional(Boolean includeTaskCanceledExceptions)
   at System.Threading.Tasks.Task`1.GetResultCore(Boolean waitCompletionNotification)
   at System.Threading.Tasks.Task`1.get_Result()
   at Pokemon.Data.Repositories.PokemonRepository.GetPokemonByName(String pokeAPIRequest) in C:\Users\Skywalker\source\repos\Pokemon\Pokemon.Data\Repositories\PokemonRepository.cs:line 40
   at Pokemon.Data.Repositories.PokemonRepository.GetPokemonFeaturesByName(String pokemonName) in C:\Users\Skywalker\source\repos\Pokemon\Pokemon.Data\Repositories\PokemonRepository.cs:line 57"
2023-06-30 12:35:07.332 +02:00 [Information] Application starting...
2023-06-30 12:38:16.816 +02:00 [Information] Application starting...
2023-06-30 12:48:25.671 +02:00 [Information] Application starting...
2023-06-30 12:50:57.633 +02:00 [Information] Application starting...
2023-06-30 12:53:27.182 +02:00 [Information] Application starting...
2023-06-30 12:55:21.237 +02:00 [Information] Application starting...
2023-06-30 12:56:52.794 +02:00 [Information] Application starting...
2023-06-30 13:06:49.767 +02:00 [Information] Application starting...
2023-06-30 13:09:57.648 +02:00 [Information] Application starting...
2023-06-30 13:13:45.413 +02:00 [Information] Application starting...
2023-06-30 13:14:01.320 +02:00 [Information] Application starting...
2023-06-30 13:14:06.400 +02:00 [Information] No results found with name: hjgjgj
2023-06-30 13:15:52.948 +02:00 [Information] Application starting...
2023-06-30 13:16:02.225 +02:00 [Error] GetPokemonFeaturesByName - Error "One or more errors occurred. (Host desconocido.)" - StackTrace "   at System.Threading.Tasks.Task.ThrowIfExceptional(Boolean includeTaskCanceledExceptions)
   at System.Threading.Tasks.Task`1.GetResultCore(Boolean waitCompletionNotification)
   at System.Threading.Tasks.Task`1.get_Result()
   at Pokemon.Data.Repositories.PokemonRepository.GetPokemonByName(String pokeAPIRequest) in C:\Users\Skywalker\source\repos\Pokemon\Pokemon.Data\Repositories\PokemonRepository.cs:line 40
   at Pokemon.Data.Repositories.PokemonRepository.GetPokemonFeaturesByName(String pokemonName) in C:\Users\Skywalker\source\repos\Pokemon\Pokemon.Data\Repositories\PokemonRepository.cs:line 57"
2023-06-30 19:32:58.104 +02:00 [Information] Application starting...
2023-06-30 19:36:33.666 +02:00 [Information] Application starting...
2023-06-30 21:08:42.365 +02:00 [Information] Application starting...
